<?xml version="1.0" encoding="UTF-8"?>
<!-- Generated by org.testng.reporters.JUnitReportReporter -->
<testsuite skipped="0" hostname="Laxmikant-PC" name="twitterapexample.TwitterExtractResponse" tests="1" failures="0" timestamp="29 Apr 2018 10:12:59 GMT" time="3.659" errors="0">
  <testcase name="extractResponse" time="3.659" classname="twitterapexample.TwitterExtractResponse"/>
</testsuite> <!-- twitterapexample.TwitterExtractResponse -->
