<?xml version="1.0" encoding="UTF-8"?>
<!-- Generated by org.testng.reporters.JUnitReportReporter -->
<testsuite skipped="0" hostname="Laxmikant-PC" name="twitterapexample.TwitterEndToEndWorkflow" tests="3" failures="0" timestamp="29 Apr 2018 10:18:00 GMT" time="5.880" errors="0">
  <testcase name="postTweet" time="3.171" classname="twitterapexample.TwitterEndToEndWorkflow"/>
  <testcase name="deleteTweet" time="1.454" classname="twitterapexample.TwitterEndToEndWorkflow"/>
  <testcase name="readTweet" time="1.255" classname="twitterapexample.TwitterEndToEndWorkflow"/>
</testsuite> <!-- twitterapexample.TwitterEndToEndWorkflow -->
