<?xml version="1.0" encoding="UTF-8"?>
<!-- Generated by org.testng.reporters.JUnitReportReporter -->
<testsuite skipped="0" hostname="Laxmikant-PC" name="extractresponse.GoogleExtractResponseJSON" tests="1" failures="0" timestamp="29 Apr 2018 10:31:13 GMT" time="2.044" errors="0">
  <testcase name="extractResponse" time="2.044" classname="extractresponse.GoogleExtractResponseJSON"/>
</testsuite> <!-- extractresponse.GoogleExtractResponseJSON -->
