<?xml version="1.0" encoding="UTF-8"?>
<!-- Generated by org.testng.reporters.JUnitReportReporter -->
<testsuite skipped="0" hostname="Laxmikant-PC" name="extractresponse.GoogleExtractResponse" tests="1" failures="0" timestamp="29 Apr 2018 10:21:20 GMT" time="6.820" errors="0">
  <testcase name="extractResponse" time="6.820" classname="extractresponse.GoogleExtractResponse"/>
</testsuite> <!-- extractresponse.GoogleExtractResponse -->
