<?xml version="1.0" encoding="UTF-8"?>
<!-- Generated by org.testng.reporters.JUnitReportReporter -->
<testsuite skipped="0" hostname="Laxmikant-PC" name="loggingexample.RequestLoggingExample" tests="1" failures="0" timestamp="29 Apr 2018 10:37:43 GMT" time="2.798" errors="0">
  <testcase name="testMethod" time="2.798" classname="loggingexample.RequestLoggingExample"/>
</testsuite> <!-- loggingexample.RequestLoggingExample -->
